<?xml version="1.0" encoding="UTF-8"?>
<!-- Generated by org.testng.reporters.JUnitReportReporter -->
<testsuite skipped="0" hostname="Vinod" name="testscripts.Test3" tests="1" failures="0" timestamp="13 Sep 2018 08:24:01 GMT" time="14.161" errors="0">
  <testcase name="test" time="14.161" classname="testscripts.Test3"/>
</testsuite> <!-- testscripts.Test3 -->
